nohup: ignoring input

  .   ____          _            __ _ _
 /\\ / ___'_ __ _ _(_)_ __  __ _ \ \ \ \
( ( )\___ | '_ | '_| | '_ \/ _` | \ \ \ \
 \\/  ___)| |_)| | | | | || (_| |  ) ) ) )
  '  |____| .__|_| |_|_| |_\__, | / / / /
 =========|_|==============|___/=/_/_/_/
 :: Spring Boot ::                (v3.2.4)

2025-09-20T16:36:49.485Z  INFO 4710 --- [           main] c.example.hellomvc.HelloMvcApplication   : Starting HelloMvcApplication v0.0.1-SNAPSHOT using Java 21.0.8 with PID 4710 (/home/ubuntu/test-repo-for-devops/target/hellomvc-0.0.1-SNAPSHOT.jar started by root in /home/ubuntu/test-repo-for-devops)
2025-09-20T16:36:49.492Z  INFO 4710 --- [           main] c.example.hellomvc.HelloMvcApplication   : No active profile set, falling back to 1 default profile: "default"
2025-09-20T16:36:51.440Z  INFO 4710 --- [           main] o.s.b.w.embedded.tomcat.TomcatWebServer  : Tomcat initialized with port 80 (http)
2025-09-20T16:36:51.459Z  INFO 4710 --- [           main] o.apache.catalina.core.StandardService   : Starting service [Tomcat]
2025-09-20T16:36:51.460Z  INFO 4710 --- [           main] o.apache.catalina.core.StandardEngine    : Starting Servlet engine: [Apache Tomcat/10.1.19]
2025-09-20T16:36:51.512Z  INFO 4710 --- [           main] o.a.c.c.C.[Tomcat].[localhost].[/]       : Initializing Spring embedded WebApplicationContext
2025-09-20T16:36:51.514Z  INFO 4710 --- [           main] w.s.c.ServletWebServerApplicationContext : Root WebApplicationContext: initialization completed in 1843 ms
2025-09-20T16:36:52.141Z  INFO 4710 --- [           main] o.s.b.w.embedded.tomcat.TomcatWebServer  : Tomcat started on port 80 (http) with context path ''
2025-09-20T16:36:52.167Z  INFO 4710 --- [           main] c.example.hellomvc.HelloMvcApplication   : Started HelloMvcApplication in 3.482 seconds (process running for 4.273)
2025-09-20T16:37:52.801Z  INFO 4710 --- [p-nio-80-exec-1] o.a.c.c.C.[Tomcat].[localhost].[/]       : Initializing Spring DispatcherServlet 'dispatcherServlet'
2025-09-20T16:37:52.801Z  INFO 4710 --- [p-nio-80-exec-1] o.s.web.servlet.DispatcherServlet        : Initializing Servlet 'dispatcherServlet'
2025-09-20T16:37:52.803Z  INFO 4710 --- [p-nio-80-exec-1] o.s.web.servlet.DispatcherServlet        : Completed initialization in 1 ms
